{"C:\\MANAJEMEN INFORMATIKA\\UAS_clone_google_keep\\src\\controllers\\noteControllers.js": {"path":"C:\\MANAJEMEN INFORMATIKA\\UAS_clone_google_keep\\src\\controllers\\noteControllers.js","statementMap":{"0":{"start":{"line":1,"column":20},"end":{"line":1,"column":54}},"1":{"start":{"line":3,"column":20},"end":{"line":11,"column":1}},"2":{"start":{"line":4,"column":4},"end":{"line":10,"column":5}},"3":{"start":{"line":5,"column":22},"end":{"line":5,"column":53}},"4":{"start":{"line":6,"column":8},"end":{"line":6,"column":24}},"5":{"start":{"line":8,"column":8},"end":{"line":8,"column":55}},"6":{"start":{"line":9,"column":8},"end":{"line":9,"column":74}},"7":{"start":{"line":13,"column":19},"end":{"line":21,"column":1}},"8":{"start":{"line":14,"column":4},"end":{"line":20,"column":5}},"9":{"start":{"line":15,"column":24},"end":{"line":15,"column":62}},"10":{"start":{"line":16,"column":8},"end":{"line":16,"column":38}},"11":{"start":{"line":18,"column":8},"end":{"line":18,"column":54}},"12":{"start":{"line":19,"column":8},"end":{"line":19,"column":74}},"13":{"start":{"line":23,"column":19},"end":{"line":33,"column":1}},"14":{"start":{"line":24,"column":4},"end":{"line":32,"column":5}},"15":{"start":{"line":25,"column":19},"end":{"line":25,"column":42}},"16":{"start":{"line":26,"column":28},"end":{"line":26,"column":70}},"17":{"start":{"line":27,"column":8},"end":{"line":27,"column":94}},"18":{"start":{"line":27,"column":26},"end":{"line":27,"column":94}},"19":{"start":{"line":28,"column":8},"end":{"line":28,"column":30}},"20":{"start":{"line":30,"column":8},"end":{"line":30,"column":54}},"21":{"start":{"line":31,"column":8},"end":{"line":31,"column":71}},"22":{"start":{"line":35,"column":19},"end":{"line":45,"column":1}},"23":{"start":{"line":36,"column":4},"end":{"line":44,"column":5}},"24":{"start":{"line":37,"column":19},"end":{"line":37,"column":42}},"25":{"start":{"line":38,"column":26},"end":{"line":38,"column":58}},"26":{"start":{"line":39,"column":8},"end":{"line":39,"column":92}},"27":{"start":{"line":39,"column":24},"end":{"line":39,"column":92}},"28":{"start":{"line":40,"column":8},"end":{"line":40,"column":58}},"29":{"start":{"line":42,"column":8},"end":{"line":42,"column":54}},"30":{"start":{"line":43,"column":8},"end":{"line":43,"column":69}},"31":{"start":{"line":47,"column":0},"end":{"line":47,"column":69}}},"fnMap":{"0":{"name":"(anonymous_0)","decl":{"start":{"line":3,"column":20},"end":{"line":3,"column":21}},"loc":{"start":{"line":3,"column":40},"end":{"line":11,"column":1}},"line":3},"1":{"name":"(anonymous_1)","decl":{"start":{"line":13,"column":19},"end":{"line":13,"column":20}},"loc":{"start":{"line":13,"column":39},"end":{"line":21,"column":1}},"line":13},"2":{"name":"(anonymous_2)","decl":{"start":{"line":23,"column":19},"end":{"line":23,"column":20}},"loc":{"start":{"line":23,"column":39},"end":{"line":33,"column":1}},"line":23},"3":{"name":"(anonymous_3)","decl":{"start":{"line":35,"column":19},"end":{"line":35,"column":20}},"loc":{"start":{"line":35,"column":39},"end":{"line":45,"column":1}},"line":35}},"branchMap":{"0":{"loc":{"start":{"line":27,"column":8},"end":{"line":27,"column":94}},"type":"if","locations":[{"start":{"line":27,"column":8},"end":{"line":27,"column":94}},{"start":{},"end":{}}],"line":27},"1":{"loc":{"start":{"line":39,"column":8},"end":{"line":39,"column":92}},"type":"if","locations":[{"start":{"line":39,"column":8},"end":{"line":39,"column":92}},{"start":{},"end":{}}],"line":39}},"s":{"0":1,"1":1,"2":2,"3":2,"4":1,"5":1,"6":1,"7":1,"8":2,"9":2,"10":1,"11":1,"12":1,"13":1,"14":1,"15":1,"16":1,"17":1,"18":0,"19":1,"20":0,"21":0,"22":1,"23":1,"24":1,"25":1,"26":1,"27":0,"28":1,"29":0,"30":0,"31":1},"f":{"0":2,"1":2,"2":1,"3":1},"b":{"0":[0,1],"1":[0,1]},"_coverageSchema":"1a1c01bbd47fc00a2c39e90264f33305004495a9","hash":"bd96d97e1c1dba08f0d04158b5780c6c531ad00f"}
,"C:\\MANAJEMEN INFORMATIKA\\UAS_clone_google_keep\\src\\repositories\\noteRepositories.js": {"path":"C:\\MANAJEMEN INFORMATIKA\\UAS_clone_google_keep\\src\\repositories\\noteRepositories.js","statementMap":{"0":{"start":{"line":1,"column":14},"end":{"line":1,"column":39}},"1":{"start":{"line":3,"column":13},"end":{"line":11,"column":2}},"2":{"start":{"line":14,"column":16},"end":{"line":24,"column":1}},"3":{"start":{"line":15,"column":19},"end":{"line":15,"column":58}},"4":{"start":{"line":17,"column":4},"end":{"line":23,"column":8}},"5":{"start":{"line":17,"column":28},"end":{"line":23,"column":5}},"6":{"start":{"line":27,"column":15},"end":{"line":40,"column":1}},"7":{"start":{"line":28,"column":20},"end":{"line":28,"column":41}},"8":{"start":{"line":29,"column":105},"end":{"line":29,"column":109}},"9":{"start":{"line":31,"column":4},"end":{"line":38,"column":6}},"10":{"start":{"line":39,"column":4},"end":{"line":39,"column":36}},"11":{"start":{"line":43,"column":15},"end":{"line":61,"column":1}},"12":{"start":{"line":44,"column":19},"end":{"line":44,"column":21}},"13":{"start":{"line":45,"column":19},"end":{"line":45,"column":21}},"14":{"start":{"line":47,"column":4},"end":{"line":54,"column":5}},"15":{"start":{"line":48,"column":8},"end":{"line":48,"column":34}},"16":{"start":{"line":49,"column":8},"end":{"line":53,"column":9}},"17":{"start":{"line":50,"column":12},"end":{"line":50,"column":39}},"18":{"start":{"line":52,"column":12},"end":{"line":52,"column":31}},"19":{"start":{"line":56,"column":4},"end":{"line":56,"column":36}},"20":{"start":{"line":56,"column":29},"end":{"line":56,"column":36}},"21":{"start":{"line":58,"column":4},"end":{"line":58,"column":20}},"22":{"start":{"line":59,"column":4},"end":{"line":59,"column":83}},"23":{"start":{"line":60,"column":4},"end":{"line":60,"column":36}},"24":{"start":{"line":64,"column":19},"end":{"line":67,"column":1}},"25":{"start":{"line":65,"column":4},"end":{"line":65,"column":61}},"26":{"start":{"line":66,"column":4},"end":{"line":66,"column":18}},"27":{"start":{"line":70,"column":20},"end":{"line":82,"column":1}},"28":{"start":{"line":71,"column":19},"end":{"line":74,"column":5}},"29":{"start":{"line":75,"column":4},"end":{"line":81,"column":8}},"30":{"start":{"line":75,"column":28},"end":{"line":81,"column":5}},"31":{"start":{"line":85,"column":17},"end":{"line":99,"column":1}},"32":{"start":{"line":86,"column":4},"end":{"line":86,"column":45}},"33":{"start":{"line":87,"column":4},"end":{"line":87,"column":35}},"34":{"start":{"line":87,"column":28},"end":{"line":87,"column":35}},"35":{"start":{"line":89,"column":19},"end":{"line":93,"column":6}},"36":{"start":{"line":89,"column":34},"end":{"line":93,"column":5}},"37":{"start":{"line":95,"column":4},"end":{"line":98,"column":6}},"38":{"start":{"line":101,"column":0},"end":{"line":108,"column":2}}},"fnMap":{"0":{"name":"(anonymous_0)","decl":{"start":{"line":14,"column":16},"end":{"line":14,"column":17}},"loc":{"start":{"line":14,"column":28},"end":{"line":24,"column":1}},"line":14},"1":{"name":"(anonymous_1)","decl":{"start":{"line":17,"column":20},"end":{"line":17,"column":21}},"loc":{"start":{"line":17,"column":28},"end":{"line":23,"column":5}},"line":17},"2":{"name":"(anonymous_2)","decl":{"start":{"line":27,"column":15},"end":{"line":27,"column":16}},"loc":{"start":{"line":27,"column":31},"end":{"line":40,"column":1}},"line":27},"3":{"name":"(anonymous_3)","decl":{"start":{"line":43,"column":15},"end":{"line":43,"column":16}},"loc":{"start":{"line":43,"column":44},"end":{"line":61,"column":1}},"line":43},"4":{"name":"(anonymous_4)","decl":{"start":{"line":64,"column":19},"end":{"line":64,"column":20}},"loc":{"start":{"line":64,"column":33},"end":{"line":67,"column":1}},"line":64},"5":{"name":"(anonymous_5)","decl":{"start":{"line":70,"column":20},"end":{"line":70,"column":21}},"loc":{"start":{"line":70,"column":39},"end":{"line":82,"column":1}},"line":70},"6":{"name":"(anonymous_6)","decl":{"start":{"line":75,"column":20},"end":{"line":75,"column":21}},"loc":{"start":{"line":75,"column":28},"end":{"line":81,"column":5}},"line":75},"7":{"name":"(anonymous_7)","decl":{"start":{"line":85,"column":17},"end":{"line":85,"column":18}},"loc":{"start":{"line":85,"column":34},"end":{"line":99,"column":1}},"line":85},"8":{"name":"(anonymous_8)","decl":{"start":{"line":89,"column":29},"end":{"line":89,"column":30}},"loc":{"start":{"line":89,"column":34},"end":{"line":93,"column":5}},"line":89}},"branchMap":{"0":{"loc":{"start":{"line":28,"column":20},"end":{"line":28,"column":41}},"type":"binary-expr","locations":[{"start":{"line":28,"column":20},"end":{"line":28,"column":27}},{"start":{"line":28,"column":31},"end":{"line":28,"column":41}}],"line":28},"1":{"loc":{"start":{"line":35,"column":12},"end":{"line":35,"column":28}},"type":"cond-expr","locations":[{"start":{"line":35,"column":23},"end":{"line":35,"column":24}},{"start":{"line":35,"column":27},"end":{"line":35,"column":28}}],"line":35},"2":{"loc":{"start":{"line":35,"column":30},"end":{"line":35,"column":49}},"type":"cond-expr","locations":[{"start":{"line":35,"column":44},"end":{"line":35,"column":45}},{"start":{"line":35,"column":48},"end":{"line":35,"column":49}}],"line":35},"3":{"loc":{"start":{"line":36,"column":19},"end":{"line":36,"column":37}},"type":"cond-expr","locations":[{"start":{"line":36,"column":32},"end":{"line":36,"column":33}},{"start":{"line":36,"column":36},"end":{"line":36,"column":37}}],"line":36},"4":{"loc":{"start":{"line":36,"column":53},"end":{"line":36,"column":70}},"type":"cond-expr","locations":[{"start":{"line":36,"column":65},"end":{"line":36,"column":66}},{"start":{"line":36,"column":69},"end":{"line":36,"column":70}}],"line":36},"5":{"loc":{"start":{"line":49,"column":8},"end":{"line":53,"column":9}},"type":"if","locations":[{"start":{"line":49,"column":8},"end":{"line":53,"column":9}},{"start":{"line":51,"column":15},"end":{"line":53,"column":9}}],"line":49},"6":{"loc":{"start":{"line":50,"column":24},"end":{"line":50,"column":37}},"type":"cond-expr","locations":[{"start":{"line":50,"column":32},"end":{"line":50,"column":33}},{"start":{"line":50,"column":36},"end":{"line":50,"column":37}}],"line":50},"7":{"loc":{"start":{"line":56,"column":4},"end":{"line":56,"column":36}},"type":"if","locations":[{"start":{"line":56,"column":4},"end":{"line":56,"column":36}},{"start":{},"end":{}}],"line":56},"8":{"loc":{"start":{"line":87,"column":4},"end":{"line":87,"column":35}},"type":"if","locations":[{"start":{"line":87,"column":4},"end":{"line":87,"column":35}},{"start":{},"end":{}}],"line":87},"9":{"loc":{"start":{"line":91,"column":8},"end":{"line":91,"column":26}},"type":"cond-expr","locations":[{"start":{"line":91,"column":21},"end":{"line":91,"column":22}},{"start":{"line":91,"column":25},"end":{"line":91,"column":26}}],"line":91},"10":{"loc":{"start":{"line":91,"column":28},"end":{"line":91,"column":49}},"type":"cond-expr","locations":[{"start":{"line":91,"column":44},"end":{"line":91,"column":45}},{"start":{"line":91,"column":48},"end":{"line":91,"column":49}}],"line":91},"11":{"loc":{"start":{"line":92,"column":17},"end":{"line":92,"column":37}},"type":"cond-expr","locations":[{"start":{"line":92,"column":32},"end":{"line":92,"column":33}},{"start":{"line":92,"column":36},"end":{"line":92,"column":37}}],"line":92},"12":{"loc":{"start":{"line":92,"column":55},"end":{"line":92,"column":74}},"type":"cond-expr","locations":[{"start":{"line":92,"column":69},"end":{"line":92,"column":70}},{"start":{"line":92,"column":73},"end":{"line":92,"column":74}}],"line":92}},"s":{"0":3,"1":3,"2":3,"3":1,"4":1,"5":1,"6":3,"7":2,"8":2,"9":2,"10":2,"11":3,"12":2,"13":2,"14":2,"15":2,"16":2,"17":1,"18":1,"19":2,"20":1,"21":1,"22":1,"23":1,"24":3,"25":1,"26":1,"27":3,"28":1,"29":1,"30":0,"31":3,"32":2,"33":2,"34":1,"35":1,"36":1,"37":1,"38":3},"f":{"0":1,"1":1,"2":2,"3":2,"4":1,"5":1,"6":0,"7":2,"8":1},"b":{"0":[2,1],"1":[1,1],"2":[0,2],"3":[0,2],"4":[0,2],"5":[1,1],"6":[1,0],"7":[1,1],"8":[1,1],"9":[1,0],"10":[0,1],"11":[0,1],"12":[0,1]},"_coverageSchema":"1a1c01bbd47fc00a2c39e90264f33305004495a9","hash":"0fe26071ae908f19adefd3ac81eebdfd6a517ed6"}
,"C:\\MANAJEMEN INFORMATIKA\\UAS_clone_google_keep\\src\\services\\noteService.js": {"path":"C:\\MANAJEMEN INFORMATIKA\\UAS_clone_google_keep\\src\\services\\noteService.js","statementMap":{"0":{"start":{"line":1,"column":23},"end":{"line":1,"column":66}},"1":{"start":{"line":3,"column":20},"end":{"line":24,"column":1}},"2":{"start":{"line":6,"column":8},"end":{"line":6,"column":46}},"3":{"start":{"line":12,"column":8},"end":{"line":12,"column":53}},"4":{"start":{"line":17,"column":8},"end":{"line":17,"column":62}},"5":{"start":{"line":22,"column":8},"end":{"line":22,"column":47}},"6":{"start":{"line":26,"column":0},"end":{"line":26,"column":29}}},"fnMap":{"0":{"name":"(anonymous_0)","decl":{"start":{"line":5,"column":17},"end":{"line":5,"column":18}},"loc":{"start":{"line":5,"column":29},"end":{"line":7,"column":5}},"line":5},"1":{"name":"(anonymous_1)","decl":{"start":{"line":10,"column":16},"end":{"line":10,"column":17}},"loc":{"start":{"line":10,"column":36},"end":{"line":13,"column":5}},"line":10},"2":{"name":"(anonymous_2)","decl":{"start":{"line":16,"column":16},"end":{"line":16,"column":17}},"loc":{"start":{"line":16,"column":45},"end":{"line":18,"column":5}},"line":16},"3":{"name":"(anonymous_3)","decl":{"start":{"line":21,"column":16},"end":{"line":21,"column":17}},"loc":{"start":{"line":21,"column":30},"end":{"line":23,"column":5}},"line":21}},"branchMap":{},"s":{"0":2,"1":2,"2":6,"3":2,"4":2,"5":2,"6":2},"f":{"0":6,"1":2,"2":2,"3":2},"b":{},"_coverageSchema":"1a1c01bbd47fc00a2c39e90264f33305004495a9","hash":"0239f34ff1626265fc7ff615e28634755ed77f45"}
}
