TN:
SF:src\controllers\noteControllers.js
FN:3,(anonymous_0)
FN:13,(anonymous_1)
FN:36,(anonymous_2)
FN:61,(anonymous_3)
FN:73,(anonymous_4)
FNF:5
FNH:5
FNDA:2,(anonymous_0)
FNDA:2,(anonymous_1)
FNDA:3,(anonymous_2)
FNDA:3,(anonymous_3)
FNDA:2,(anonymous_4)
DA:1,1
DA:3,1
DA:4,2
DA:5,2
DA:6,1
DA:8,1
DA:9,1
DA:13,1
DA:14,2
DA:15,2
DA:17,2
DA:29,1
DA:31,1
DA:32,1
DA:36,1
DA:37,3
DA:38,3
DA:39,3
DA:41,3
DA:53,2
DA:54,1
DA:56,1
DA:57,1
DA:61,1
DA:62,3
DA:63,3
DA:64,3
DA:65,2
DA:66,1
DA:68,1
DA:69,1
DA:73,1
DA:74,2
DA:75,2
DA:76,2
DA:77,1
DA:79,1
DA:80,1
DA:84,1
LF:39
LH:39
BRDA:20,0,0,2
BRDA:20,0,1,2
BRDA:21,1,0,2
BRDA:21,1,1,2
BRDA:22,2,0,2
BRDA:22,2,1,2
BRDA:23,3,0,2
BRDA:23,3,1,2
BRDA:24,4,0,2
BRDA:24,4,1,2
BRDA:25,5,0,2
BRDA:25,5,1,2
BRDA:26,6,0,2
BRDA:26,6,1,2
BRDA:53,7,0,1
BRDA:53,7,1,1
BRDA:65,8,0,1
BRDA:65,8,1,1
BRF:18
BRH:18
end_of_record
TN:
SF:src\repositories\noteRepositories.js
FN:13,(anonymous_0)
FN:16,(anonymous_1)
FN:25,(anonymous_2)
FN:40,(anonymous_3)
FN:60,(anonymous_4)
FN:65,(anonymous_5)
FN:70,(anonymous_6)
FN:79,(anonymous_7)
FN:83,(anonymous_8)
FNF:9
FNH:9
FNDA:1,(anonymous_0)
FNDA:2,(anonymous_1)
FNDA:2,(anonymous_2)
FNDA:3,(anonymous_3)
FNDA:1,(anonymous_4)
FNDA:1,(anonymous_5)
FNDA:1,(anonymous_6)
FNDA:2,(anonymous_7)
FNDA:1,(anonymous_8)
DA:1,3
DA:3,3
DA:13,3
DA:14,1
DA:16,2
DA:25,3
DA:26,2
DA:27,2
DA:29,2
DA:37,2
DA:40,3
DA:41,3
DA:42,3
DA:44,3
DA:45,2
DA:46,2
DA:47,1
DA:49,1
DA:53,3
DA:55,2
DA:56,2
DA:57,2
DA:60,3
DA:61,1
DA:62,1
DA:65,3
DA:66,1
DA:70,1
DA:79,3
DA:80,2
DA:81,2
DA:83,1
DA:89,1
DA:95,3
LF:34
LH:34
BRDA:26,0,0,2
BRDA:26,0,1,1
BRDA:33,1,0,0
BRDA:33,1,1,2
BRDA:33,2,0,0
BRDA:33,2,1,2
BRDA:34,3,0,0
BRDA:34,3,1,2
BRDA:34,4,0,0
BRDA:34,4,1,2
BRDA:46,5,0,1
BRDA:46,5,1,1
BRDA:47,6,0,1
BRDA:47,6,1,0
BRDA:53,7,0,1
BRDA:53,7,1,2
BRDA:81,8,0,1
BRDA:81,8,1,1
BRDA:85,9,0,1
BRDA:85,9,1,0
BRDA:85,10,0,0
BRDA:85,10,1,1
BRDA:86,11,0,0
BRDA:86,11,1,1
BRDA:86,12,0,0
BRDA:86,12,1,1
BRF:26
BRH:17
end_of_record
TN:
SF:src\services\noteService.js
FN:4,(anonymous_0)
FN:8,(anonymous_1)
FN:12,(anonymous_2)
FN:16,(anonymous_3)
FN:20,(anonymous_4)
FNF:5
FNH:5
FNDA:3,(anonymous_0)
FNDA:5,(anonymous_1)
FNDA:10,(anonymous_2)
FNDA:2,(anonymous_3)
FNDA:3,(anonymous_4)
DA:1,2
DA:3,2
DA:5,3
DA:9,5
DA:13,10
DA:17,2
DA:21,3
DA:25,2
LF:8
LH:8
BRF:0
BRH:0
end_of_record
