TN:
SF:src\controllers\noteControllers.js
FN:3,(anonymous_0)
FN:13,(anonymous_1)
FN:23,(anonymous_2)
FN:35,(anonymous_3)
FNF:4
FNH:4
FNDA:2,(anonymous_0)
FNDA:2,(anonymous_1)
FNDA:1,(anonymous_2)
FNDA:1,(anonymous_3)
DA:1,1
DA:3,1
DA:4,2
DA:5,2
DA:6,1
DA:8,1
DA:9,1
DA:13,1
DA:14,2
DA:15,2
DA:16,1
DA:18,1
DA:19,1
DA:23,1
DA:24,1
DA:25,1
DA:26,1
DA:27,1
DA:28,1
DA:30,0
DA:31,0
DA:35,1
DA:36,1
DA:37,1
DA:38,1
DA:39,1
DA:40,1
DA:42,0
DA:43,0
DA:47,1
LF:30
LH:26
BRDA:27,0,0,0
BRDA:27,0,1,1
BRDA:39,1,0,0
BRDA:39,1,1,1
BRF:4
BRH:2
end_of_record
TN:
SF:src\repositories\noteRepositories.js
FN:14,(anonymous_0)
FN:17,(anonymous_1)
FN:27,(anonymous_2)
FN:43,(anonymous_3)
FN:64,(anonymous_4)
FN:70,(anonymous_5)
FN:75,(anonymous_6)
FN:85,(anonymous_7)
FN:89,(anonymous_8)
FNF:9
FNH:8
FNDA:1,(anonymous_0)
FNDA:1,(anonymous_1)
FNDA:2,(anonymous_2)
FNDA:2,(anonymous_3)
FNDA:1,(anonymous_4)
FNDA:1,(anonymous_5)
FNDA:0,(anonymous_6)
FNDA:2,(anonymous_7)
FNDA:1,(anonymous_8)
DA:1,3
DA:3,3
DA:14,3
DA:15,1
DA:17,1
DA:27,3
DA:28,2
DA:29,2
DA:31,2
DA:39,2
DA:43,3
DA:44,2
DA:45,2
DA:47,2
DA:48,2
DA:49,2
DA:50,1
DA:52,1
DA:56,2
DA:58,1
DA:59,1
DA:60,1
DA:64,3
DA:65,1
DA:66,1
DA:70,3
DA:71,1
DA:75,1
DA:85,3
DA:86,2
DA:87,2
DA:89,1
DA:95,1
DA:101,3
LF:34
LH:34
BRDA:28,0,0,2
BRDA:28,0,1,1
BRDA:35,1,0,1
BRDA:35,1,1,1
BRDA:35,2,0,0
BRDA:35,2,1,2
BRDA:36,3,0,0
BRDA:36,3,1,2
BRDA:36,4,0,0
BRDA:36,4,1,2
BRDA:49,5,0,1
BRDA:49,5,1,1
BRDA:50,6,0,1
BRDA:50,6,1,0
BRDA:56,7,0,1
BRDA:56,7,1,1
BRDA:87,8,0,1
BRDA:87,8,1,1
BRDA:91,9,0,1
BRDA:91,9,1,0
BRDA:91,10,0,0
BRDA:91,10,1,1
BRDA:92,11,0,0
BRDA:92,11,1,1
BRDA:92,12,0,0
BRDA:92,12,1,1
BRF:26
BRH:18
end_of_record
TN:
SF:src\services\noteService.js
FN:5,(anonymous_0)
FN:10,(anonymous_1)
FN:16,(anonymous_2)
FN:21,(anonymous_3)
FNF:4
FNH:4
FNDA:6,(anonymous_0)
FNDA:2,(anonymous_1)
FNDA:2,(anonymous_2)
FNDA:2,(anonymous_3)
DA:1,2
DA:3,2
DA:6,6
DA:12,2
DA:17,2
DA:22,2
DA:26,2
LF:7
LH:7
BRF:0
BRH:0
end_of_record
